# JRE version: OpenJDK Runtime Environment (15.0.2+10) (build 15.0.2+10)
# Java VM: OpenJDK 64-Bit Server VM (15.0.2+10, mixed mode, sharing, tiered, compressed oops, g1 gc, windows-amd64)
GC Precious Log:
 CPUs: 4 total, 4 available
 Memory: 16247M
 Large Page Support: Disabled
 NUMA Support: Disabled
 Compressed Oops: Enabled (Zero based)
 Heap Region Size: 2M
 Heap Min Capacity: 8M
 Heap Initial Capacity: 254M
 Heap Max Capacity: 4062M
 Pre-touch: Disabled
 Parallel Workers: 4
 Concurrent Workers: 1
 Concurrent Refinement Workers: 4
 Periodic GC: Disabled
Heap:
 garbage-first heap   total 102400K, used 48504K [0x0000000702200000, 0x0000000800000000)
  region size 2048K, 3 young (6144K), 2 survivors (4096K)
 Metaspace       used 35240K, capacity 35467K, committed 36176K, reserved 1081344K
  class space    used 4479K, capacity 4555K, committed 4608K, reserved 1048576K
GC Heap History (16 events):
Event: 0.290 GC heap before
{Heap before GC invocations=0 (full 0):
 garbage-first heap   total 260096K, used 10240K [0x0000000702200000, 0x0000000800000000)
  region size 2048K, 6 young (12288K), 0 survivors (0K)
 Metaspace       used 336K, capacity 4480K, committed 4480K, reserved 1056768K
  class space    used 9K, capacity 384K, committed 384K, reserved 1048576K
}
Event: 0.297 GC heap after
{Heap after GC invocations=1 (full 0):
 garbage-first heap   total 260096K, used 4120K [0x0000000702200000, 0x0000000800000000)
  region size 2048K, 1 young (2048K), 1 survivors (2048K)
 Metaspace       used 336K, capacity 4480K, committed 4480K, reserved 1056768K
  class space    used 9K, capacity 384K, committed 384K, reserved 1048576K
}
Event: 0.434 GC heap before
{Heap before GC invocations=1 (full 0):
 garbage-first heap   total 260096K, used 16408K [0x0000000702200000, 0x0000000800000000)
  region size 2048K, 7 young (14336K), 1 survivors (2048K)
 Metaspace       used 591K, capacity 4480K, committed 4480K, reserved 1056768K
  class space    used 18K, capacity 384K, committed 384K, reserved 1048576K
}
Event: 0.437 GC heap after
{Heap after GC invocations=2 (full 0):
 garbage-first heap   total 260096K, used 16606K [0x0000000702200000, 0x0000000800000000)
  region size 2048K, 1 young (2048K), 1 survivors (2048K)
 Metaspace       used 591K, capacity 4480K, committed 4480K, reserved 1056768K
  class space    used 18K, capacity 384K, committed 384K, reserved 1048576K
}
Event: 1.486 GC heap before
{Heap before GC invocations=2 (full 0):
 garbage-first heap   total 260096K, used 30942K [0x0000000702200000, 0x0000000800000000)
  region size 2048K, 9 young (18432K), 1 survivors (2048K)
 Metaspace       used 13899K, capacity 14146K, committed 14464K, reserved 1062912K
  class space    used 1563K, capacity 1648K, committed 1664K, reserved 1048576K
}
Event: 1.490 GC heap after
{Heap after GC invocations=3 (full 0):
 garbage-first heap   total 260096K, used 21482K [0x0000000702200000, 0x0000000800000000)
  region size 2048K, 2 young (4096K), 2 survivors (4096K)
 Metaspace       used 13899K, capacity 14146K, committed 14464K, reserved 1062912K
  class space    used 1563K, capacity 1648K, committed 1664K, reserved 1048576K
}
Event: 2.227 GC heap before
{Heap before GC invocations=3 (full 0):
 garbage-first heap   total 260096K, used 44010K [0x0000000702200000, 0x0000000800000000)
  region size 2048K, 14 young (28672K), 2 survivors (4096K)
 Metaspace       used 16745K, capacity 16904K, committed 17280K, reserved 1064960K
  class space    used 1810K, capacity 1873K, committed 1920K, reserved 1048576K
}
Event: 2.230 GC heap after
{Heap after GC invocations=4 (full 0):
 garbage-first heap   total 260096K, used 23756K [0x0000000702200000, 0x0000000800000000)
  region size 2048K, 2 young (4096K), 2 survivors (4096K)
 Metaspace       used 16745K, capacity 16904K, committed 17280K, reserved 1064960K
  class space    used 1810K, capacity 1873K, committed 1920K, reserved 1048576K
}
Event: 3.014 GC heap before
{Heap before GC invocations=4 (full 0):
 garbage-first heap   total 260096K, used 36044K [0x0000000702200000, 0x0000000800000000)
  region size 2048K, 10 young (20480K), 2 survivors (4096K)
 Metaspace       used 20755K, capacity 20942K, committed 21296K, reserved 1069056K
  class space    used 2294K, capacity 2362K, committed 2432K, reserved 1048576K
}
Event: 3.016 GC heap after
{Heap after GC invocations=5 (full 0):
 garbage-first heap   total 260096K, used 24651K [0x0000000702200000, 0x0000000800000000)
  region size 2048K, 2 young (4096K), 2 survivors (4096K)
 Metaspace       used 20755K, capacity 20942K, committed 21296K, reserved 1069056K
  class space    used 2294K, capacity 2362K, committed 2432K, reserved 1048576K
}
Event: 11.062 GC heap before
{Heap before GC invocations=6 (full 0):
 garbage-first heap   total 102400K, used 73803K [0x0000000702200000, 0x0000000800000000)
  region size 2048K, 27 young (55296K), 2 survivors (4096K)
 Metaspace       used 29652K, capacity 29939K, committed 30384K, reserved 1077248K
  class space    used 3427K, capacity 3497K, committed 3584K, reserved 1048576K
}
Event: 11.077 GC heap after
{Heap after GC invocations=7 (full 0):
 garbage-first heap   total 102400K, used 35043K [0x0000000702200000, 0x0000000800000000)
  region size 2048K, 4 young (8192K), 4 survivors (8192K)
 Metaspace       used 29652K, capacity 29939K, committed 30384K, reserved 1077248K
  class space    used 3427K, capacity 3497K, committed 3584K, reserved 1048576K
}
Event: 16.281 GC heap before
{Heap before GC invocations=7 (full 0):
 garbage-first heap   total 102400K, used 67811K [0x0000000702200000, 0x0000000800000000)
  region size 2048K, 19 young (38912K), 4 survivors (8192K)
 Metaspace       used 32380K, capacity 32637K, committed 33200K, reserved 1079296K
  class space    used 3971K, capacity 4075K, committed 4096K, reserved 1048576K
}
Event: 16.292 GC heap after
{Heap after GC invocations=8 (full 0):
 garbage-first heap   total 102400K, used 44148K [0x0000000702200000, 0x0000000800000000)
  region size 2048K, 3 young (6144K), 3 survivors (6144K)
 Metaspace       used 32380K, capacity 32637K, committed 33200K, reserved 1079296K
  class space    used 3971K, capacity 4075K, committed 4096K, reserved 1048576K
}
Event: 20.878 GC heap before
{Heap before GC invocations=8 (full 0):
 garbage-first heap   total 102400K, used 60532K [0x0000000702200000, 0x0000000800000000)
  region size 2048K, 13 young (26624K), 3 survivors (6144K)
 Metaspace       used 35148K, capacity 35403K, committed 35920K, reserved 1081344K
  class space    used 4466K, capacity 4555K, committed 4608K, reserved 1048576K
}
Event: 20.886 GC heap after
{Heap after GC invocations=9 (full 0):
 garbage-first heap   total 102400K, used 48504K [0x0000000702200000, 0x0000000800000000)
  region size 2048K, 2 young (4096K), 2 survivors (4096K)
 Metaspace       used 35148K, capacity 35403K, committed 35920K, reserved 1081344K
  class space    used 4466K, capacity 4555K, committed 4608K, reserved 1048576K
}

