# JRE version: OpenJDK Runtime Environment (15.0.2+10) (build 15.0.2+10)
# Java VM: OpenJDK 64-Bit Server VM (15.0.2+10, mixed mode, sharing, tiered, compressed oops, g1 gc, windows-amd64)
GC Precious Log:
 CPUs: 4 total, 4 available
 Memory: 16247M
 Large Page Support: Disabled
 NUMA Support: Disabled
 Compressed Oops: Enabled (Zero based)
 Heap Region Size: 2M
 Heap Min Capacity: 8M
 Heap Initial Capacity: 254M
 Heap Max Capacity: 4062M
 Pre-touch: Disabled
 Parallel Workers: 4
 Concurrent Workers: 1
 Concurrent Refinement Workers: 4
 Periodic GC: Disabled
Heap:
 garbage-first heap   total 178176K, used 127890K [0x0000000702200000, 0x0000000800000000)
  region size 2048K, 15 young (30720K), 1 survivors (2048K)
 Metaspace       used 53137K, capacity 53508K, committed 54064K, reserved 1095680K
  class space    used 7079K, capacity 7224K, committed 7296K, reserved 1048576K
GC Heap History (20 events):
Event: 19.169 GC heap before
{Heap before GC invocations=18 (full 0):
 garbage-first heap   total 151552K, used 110865K [0x0000000702200000, 0x0000000800000000)
  region size 2048K, 18 young (36864K), 1 survivors (2048K)
 Metaspace       used 42983K, capacity 43277K, committed 43824K, reserved 1087488K
  class space    used 5802K, capacity 5913K, committed 6016K, reserved 1048576K
}
Event: 19.173 GC heap after
{Heap after GC invocations=19 (full 0):
 garbage-first heap   total 151552K, used 85625K [0x0000000702200000, 0x0000000800000000)
  region size 2048K, 3 young (6144K), 3 survivors (6144K)
 Metaspace       used 42983K, capacity 43277K, committed 43824K, reserved 1087488K
  class space    used 5802K, capacity 5913K, committed 6016K, reserved 1048576K
}
Event: 19.490 GC heap before
{Heap before GC invocations=20 (full 0):
 garbage-first heap   total 157696K, used 93817K [0x0000000702200000, 0x0000000800000000)
  region size 2048K, 8 young (16384K), 3 survivors (6144K)
 Metaspace       used 43976K, capacity 44269K, committed 44848K, reserved 1087488K
  class space    used 5896K, capacity 6009K, committed 6016K, reserved 1048576K
}
Event: 19.494 GC heap after
{Heap after GC invocations=21 (full 0):
 garbage-first heap   total 157696K, used 89747K [0x0000000702200000, 0x0000000800000000)
  region size 2048K, 2 young (4096K), 2 survivors (4096K)
 Metaspace       used 43976K, capacity 44269K, committed 44848K, reserved 1087488K
  class space    used 5896K, capacity 6009K, committed 6016K, reserved 1048576K
}
Event: 117.187 GC heap before
{Heap before GC invocations=22 (full 0):
 garbage-first heap   total 172032K, used 126611K [0x0000000702200000, 0x0000000800000000)
  region size 2048K, 16 young (32768K), 2 survivors (4096K)
 Metaspace       used 50284K, capacity 50648K, committed 51248K, reserved 1093632K
  class space    used 6800K, capacity 6937K, committed 7040K, reserved 1048576K
}
Event: 117.191 GC heap after
{Heap after GC invocations=23 (full 0):
 garbage-first heap   total 172032K, used 100407K [0x0000000702200000, 0x0000000800000000)
  region size 2048K, 2 young (4096K), 2 survivors (4096K)
 Metaspace       used 50284K, capacity 50648K, committed 51248K, reserved 1093632K
  class space    used 6800K, capacity 6937K, committed 7040K, reserved 1048576K
}
Event: 216.682 GC heap before
{Heap before GC invocations=23 (full 0):
 garbage-first heap   total 172032K, used 133175K [0x0000000702200000, 0x0000000800000000)
  region size 2048K, 18 young (36864K), 2 survivors (4096K)
 Metaspace       used 51697K, capacity 52065K, committed 52656K, reserved 1095680K
  class space    used 6923K, capacity 7063K, committed 7168K, reserved 1048576K
}
Event: 216.686 GC heap after
{Heap after GC invocations=24 (full 0):
 garbage-first heap   total 172032K, used 100661K [0x0000000702200000, 0x0000000800000000)
  region size 2048K, 2 young (4096K), 2 survivors (4096K)
 Metaspace       used 51697K, capacity 52065K, committed 52656K, reserved 1095680K
  class space    used 6923K, capacity 7063K, committed 7168K, reserved 1048576K
}
Event: 264.726 GC heap before
{Heap before GC invocations=25 (full 0):
 garbage-first heap   total 174080K, used 135477K [0x0000000702200000, 0x0000000800000000)
  region size 2048K, 19 young (38912K), 2 survivors (4096K)
 Metaspace       used 52733K, capacity 53092K, committed 53552K, reserved 1095680K
  class space    used 7033K, capacity 7192K, committed 7296K, reserved 1048576K
}
Event: 264.731 GC heap after
{Heap after GC invocations=26 (full 0):
 garbage-first heap   total 174080K, used 101615K [0x0000000702200000, 0x0000000800000000)
  region size 2048K, 2 young (4096K), 2 survivors (4096K)
 Metaspace       used 52733K, capacity 53092K, committed 53552K, reserved 1095680K
  class space    used 7033K, capacity 7192K, committed 7296K, reserved 1048576K
}
Event: 447.130 GC heap before
{Heap before GC invocations=26 (full 0):
 garbage-first heap   total 174080K, used 140527K [0x0000000702200000, 0x0000000800000000)
  region size 2048K, 21 young (43008K), 2 survivors (4096K)
 Metaspace       used 52776K, capacity 53220K, committed 53808K, reserved 1095680K
  class space    used 7033K, capacity 7192K, committed 7296K, reserved 1048576K
}
Event: 447.134 GC heap after
{Heap after GC invocations=27 (full 0):
 garbage-first heap   total 174080K, used 101253K [0x0000000702200000, 0x0000000800000000)
  region size 2048K, 1 young (2048K), 1 survivors (2048K)
 Metaspace       used 52776K, capacity 53220K, committed 53808K, reserved 1095680K
  class space    used 7033K, capacity 7192K, committed 7296K, reserved 1048576K
}
Event: 629.386 GC heap before
{Heap before GC invocations=28 (full 0):
 garbage-first heap   total 178176K, used 140165K [0x0000000702200000, 0x0000000800000000)
  region size 2048K, 20 young (40960K), 1 survivors (2048K)
 Metaspace       used 52779K, capacity 53220K, committed 53808K, reserved 1095680K
  class space    used 7033K, capacity 7192K, committed 7296K, reserved 1048576K
}
Event: 629.389 GC heap after
{Heap after GC invocations=29 (full 0):
 garbage-first heap   total 178176K, used 101220K [0x0000000702200000, 0x0000000800000000)
  region size 2048K, 1 young (2048K), 1 survivors (2048K)
 Metaspace       used 52779K, capacity 53220K, committed 53808K, reserved 1095680K
  class space    used 7033K, capacity 7192K, committed 7296K, reserved 1048576K
}
Event: 841.675 GC heap before
{Heap before GC invocations=29 (full 0):
 garbage-first heap   total 178176K, used 146276K [0x0000000702200000, 0x0000000800000000)
  region size 2048K, 23 young (47104K), 1 survivors (2048K)
 Metaspace       used 52779K, capacity 53220K, committed 53808K, reserved 1095680K
  class space    used 7033K, capacity 7192K, committed 7296K, reserved 1048576K
}
Event: 841.678 GC heap after
{Heap after GC invocations=30 (full 0):
 garbage-first heap   total 178176K, used 101342K [0x0000000702200000, 0x0000000800000000)
  region size 2048K, 1 young (2048K), 1 survivors (2048K)
 Metaspace       used 52779K, capacity 53220K, committed 53808K, reserved 1095680K
  class space    used 7033K, capacity 7192K, committed 7296K, reserved 1048576K
}
Event: 1059.274 GC heap before
{Heap before GC invocations=31 (full 0):
 garbage-first heap   total 178176K, used 148446K [0x0000000702200000, 0x0000000800000000)
  region size 2048K, 24 young (49152K), 1 survivors (2048K)
 Metaspace       used 52819K, capacity 53220K, committed 53808K, reserved 1095680K
  class space    used 7036K, capacity 7192K, committed 7296K, reserved 1048576K
}
Event: 1059.277 GC heap after
{Heap after GC invocations=32 (full 0):
 garbage-first heap   total 178176K, used 101274K [0x0000000702200000, 0x0000000800000000)
  region size 2048K, 1 young (2048K), 1 survivors (2048K)
 Metaspace       used 52819K, capacity 53220K, committed 53808K, reserved 1095680K
  class space    used 7036K, capacity 7192K, committed 7296K, reserved 1048576K
}
Event: 1277.593 GC heap before
{Heap before GC invocations=32 (full 0):
 garbage-first heap   total 178176K, used 150426K [0x0000000702200000, 0x0000000800000000)
  region size 2048K, 25 young (51200K), 1 survivors (2048K)
 Metaspace       used 52831K, capacity 53220K, committed 53808K, reserved 1095680K
  class space    used 7036K, capacity 7192K, committed 7296K, reserved 1048576K
}
Event: 1277.595 GC heap after
{Heap after GC invocations=33 (full 0):
 garbage-first heap   total 178176K, used 101266K [0x0000000702200000, 0x0000000800000000)
  region size 2048K, 1 young (2048K), 1 survivors (2048K)
 Metaspace       used 52831K, capacity 53220K, committed 53808K, reserved 1095680K
  class space    used 7036K, capacity 7192K, committed 7296K, reserved 1048576K
}

